<?xml version="1.0" encoding="UTF-8"?>
<testsuite xmlns:xsi="http://www.w3.org/2001/XMLSchema-instance" xsi:noNamespaceSchemaLocation="https://maven.apache.org/surefire/maven-surefire-plugin/xsd/surefire-test-report-3.0.xsd" version="3.0" name="org.ylzl.eden.spring.test.redis.EmbeddedRedisTest" time="0.564" tests="3" errors="0" skipped="0" failures="0">
  <properties>
    <property name="sun.desktop" value="windows"/>
    <property name="awt.toolkit" value="sun.awt.windows.WToolkit"/>
    <property name="file.encoding.pkg" value="sun.io"/>
    <property name="java.specification.version" value="1.8"/>
    <property name="sun.cpu.isalist" value="amd64"/>
    <property name="sun.jnu.encoding" value="GBK"/>
    <property name="java.class.path" value="D:\Workspaces\Git\eden-architect\eden-components\eden-spring-test\target\test-classes;D:\Workspaces\Git\eden-architect\eden-components\eden-spring-test\target\classes;D:\Workspaces\Git\eden-architect\eden-components\eden-commons\target\classes;D:\Workspaces\Maven\org\hibernate\validator\hibernate-validator\6.1.5.Final\hibernate-validator-6.1.5.Final.jar;D:\Workspaces\Maven\jakarta\validation\jakarta.validation-api\2.0.2\jakarta.validation-api-2.0.2.jar;D:\Workspaces\Maven\org\jboss\logging\jboss-logging\3.4.2.Final\jboss-logging-3.4.2.Final.jar;D:\Workspaces\Maven\com\fasterxml\classmate\1.5.1\classmate-1.5.1.jar;D:\Workspaces\Maven\com\google\guava\guava\30.0-jre\guava-30.0-jre.jar;D:\Workspaces\Maven\com\google\guava\failureaccess\1.0.1\failureaccess-1.0.1.jar;D:\Workspaces\Maven\com\google\guava\listenablefuture\9999.0-empty-to-avoid-conflict-with-guava\listenablefuture-9999.0-empty-to-avoid-conflict-with-guava.jar;D:\Workspaces\Maven\com\google\j2objc\j2objc-annotations\1.3\j2objc-annotations-1.3.jar;D:\Workspaces\Maven\cn\hutool\hutool-all\5.7.14\hutool-all-5.7.14.jar;D:\Workspaces\Maven\org\apache\commons\commons-lang3\3.9\commons-lang3-3.9.jar;D:\Workspaces\Maven\org\apache\commons\commons-collections4\4.4\commons-collections4-4.4.jar;D:\Workspaces\Maven\org\apache\commons\commons-text\1.9\commons-text-1.9.jar;D:\Workspaces\Maven\commons-codec\commons-codec\1.10\commons-codec-1.10.jar;D:\Workspaces\Maven\commons-io\commons-io\2.7\commons-io-2.7.jar;D:\Workspaces\Maven\com\fasterxml\jackson\dataformat\jackson-dataformat-xml\2.11.4\jackson-dataformat-xml-2.11.4.jar;D:\Workspaces\Maven\com\fasterxml\jackson\core\jackson-core\2.11.4\jackson-core-2.11.4.jar;D:\Workspaces\Maven\com\fasterxml\jackson\core\jackson-annotations\2.11.4\jackson-annotations-2.11.4.jar;D:\Workspaces\Maven\com\fasterxml\jackson\core\jackson-databind\2.11.4\jackson-databind-2.11.4.jar;D:\Workspaces\Maven\com\fasterxml\jackson\module\jackson-module-jaxb-annotations\2.11.4\jackson-module-jaxb-annotations-2.11.4.jar;D:\Workspaces\Maven\org\codehaus\woodstox\stax2-api\4.2.1\stax2-api-4.2.1.jar;D:\Workspaces\Maven\com\fasterxml\woodstox\woodstox-core\6.2.3\woodstox-core-6.2.3.jar;D:\Workspaces\Git\eden-architect\eden-components\eden-spring-framework\target\classes;D:\Workspaces\Maven\org\springframework\boot\spring-boot\2.4.13\spring-boot-2.4.13.jar;D:\Workspaces\Maven\org\springframework\boot\spring-boot-starter\2.4.13\spring-boot-starter-2.4.13.jar;D:\Workspaces\Maven\jakarta\annotation\jakarta.annotation-api\1.3.5\jakarta.annotation-api-1.3.5.jar;D:\Workspaces\Maven\org\yaml\snakeyaml\1.27\snakeyaml-1.27.jar;D:\Workspaces\Maven\org\springframework\boot\spring-boot-autoconfigure\2.4.13\spring-boot-autoconfigure-2.4.13.jar;D:\Workspaces\Maven\org\aspectj\aspectjrt\1.9.7\aspectjrt-1.9.7.jar;D:\Workspaces\Maven\org\aspectj\aspectjweaver\1.9.7\aspectjweaver-1.9.7.jar;D:\Workspaces\Maven\cglib\cglib\3.3.0\cglib-3.3.0.jar;D:\Workspaces\Maven\org\ow2\asm\asm\7.3.1\asm-7.3.1.jar;D:\Workspaces\Maven\org\slf4j\slf4j-api\1.7.32\slf4j-api-1.7.32.jar;D:\Workspaces\Maven\org\springframework\boot\spring-boot-starter-log4j2\2.4.13\spring-boot-starter-log4j2-2.4.13.jar;D:\Workspaces\Maven\org\apache\logging\log4j\log4j-jul\2.17.2\log4j-jul-2.17.2.jar;D:\Workspaces\Maven\org\apache\logging\log4j\log4j-core\2.17.2\log4j-core-2.17.2.jar;D:\Workspaces\Maven\org\apache\logging\log4j\log4j-api\2.17.2\log4j-api-2.17.2.jar;D:\Workspaces\Maven\org\apache\logging\log4j\log4j-slf4j-impl\2.17.2\log4j-slf4j-impl-2.17.2.jar;D:\Workspaces\Maven\org\slf4j\jcl-over-slf4j\1.7.32\jcl-over-slf4j-1.7.32.jar;D:\Workspaces\Maven\org\slf4j\jul-to-slf4j\1.7.32\jul-to-slf4j-1.7.32.jar;D:\Workspaces\Maven\com\fasterxml\jackson\dataformat\jackson-dataformat-yaml\2.11.4\jackson-dataformat-yaml-2.11.4.jar;D:\Workspaces\Maven\org\apache\logging\log4j\log4j-spring-cloud-config-client\2.17.2\log4j-spring-cloud-config-client-2.17.2.jar;D:\Workspaces\Maven\org\apache\logging\log4j\log4j-spring-boot\2.17.2\log4j-spring-boot-2.17.2.jar;D:\Workspaces\Maven\org\springframework\spring-context-support\5.3.13\spring-context-support-5.3.13.jar;D:\Workspaces\Maven\org\springframework\cloud\spring-cloud-starter-bootstrap\3.0.1\spring-cloud-starter-bootstrap-3.0.1.jar;D:\Workspaces\Maven\org\springframework\cloud\spring-cloud-starter\3.0.1\spring-cloud-starter-3.0.1.jar;D:\Workspaces\Maven\org\springframework\security\spring-security-rsa\1.0.9.RELEASE\spring-security-rsa-1.0.9.RELEASE.jar;D:\Workspaces\Maven\org\springframework\cloud\spring-cloud-config-client\3.0.2\spring-cloud-config-client-3.0.2.jar;D:\Workspaces\Maven\org\springframework\cloud\spring-cloud-commons\3.0.1\spring-cloud-commons-3.0.1.jar;D:\Workspaces\Maven\org\springframework\security\spring-security-crypto\5.4.9\spring-security-crypto-5.4.9.jar;D:\Workspaces\Maven\org\springframework\cloud\spring-cloud-context\3.0.1\spring-cloud-context-3.0.1.jar;D:\Workspaces\Maven\org\springframework\spring-web\5.3.13\spring-web-5.3.13.jar;D:\Workspaces\Maven\commons-logging\commons-logging\1.2\commons-logging-1.2.jar;D:\Workspaces\Maven\io\springfox\springfox-swagger2\2.9.2\springfox-swagger2-2.9.2.jar;D:\Workspaces\Maven\io\swagger\swagger-annotations\1.5.24\swagger-annotations-1.5.24.jar;D:\Workspaces\Maven\io\swagger\swagger-models\1.5.20\swagger-models-1.5.20.jar;D:\Workspaces\Maven\io\springfox\springfox-spi\2.9.2\springfox-spi-2.9.2.jar;D:\Workspaces\Maven\io\springfox\springfox-core\2.9.2\springfox-core-2.9.2.jar;D:\Workspaces\Maven\io\springfox\springfox-schema\2.9.2\springfox-schema-2.9.2.jar;D:\Workspaces\Maven\io\springfox\springfox-swagger-common\2.9.2\springfox-swagger-common-2.9.2.jar;D:\Workspaces\Maven\io\springfox\springfox-spring-web\2.9.2\springfox-spring-web-2.9.2.jar;D:\Workspaces\Maven\org\springframework\plugin\spring-plugin-core\1.2.0.RELEASE\spring-plugin-core-1.2.0.RELEASE.jar;D:\Workspaces\Maven\org\springframework\plugin\spring-plugin-metadata\1.2.0.RELEASE\spring-plugin-metadata-1.2.0.RELEASE.jar;D:\Workspaces\Maven\org\apache\httpcomponents\httpclient\4.5.13\httpclient-4.5.13.jar;D:\Workspaces\Maven\org\apache\httpcomponents\httpcore\4.4.14\httpcore-4.4.14.jar;D:\Workspaces\Maven\org\jetbrains\annotations\23.0.0\annotations-23.0.0.jar;D:\Workspaces\Git\eden-architect\eden-components\eden-spring-integration\target\classes;D:\Workspaces\Maven\org\springframework\boot\spring-boot-starter-integration\2.4.13\spring-boot-starter-integration-2.4.13.jar;D:\Workspaces\Maven\org\springframework\boot\spring-boot-starter-aop\2.4.13\spring-boot-starter-aop-2.4.13.jar;D:\Workspaces\Maven\org\springframework\integration\spring-integration-core\5.4.12\spring-integration-core-5.4.12.jar;D:\Workspaces\Maven\org\springframework\spring-messaging\5.3.13\spring-messaging-5.3.13.jar;D:\Workspaces\Maven\org\springframework\spring-tx\5.3.13\spring-tx-5.3.13.jar;D:\Workspaces\Maven\io\projectreactor\reactor-core\3.4.12\reactor-core-3.4.12.jar;D:\Workspaces\Maven\org\reactivestreams\reactive-streams\1.0.3\reactive-streams-1.0.3.jar;D:\Workspaces\Maven\org\mapstruct\mapstruct\1.4.1.Final\mapstruct-1.4.1.Final.jar;D:\Workspaces\Maven\org\mapstruct\mapstruct-processor\1.4.1.Final\mapstruct-processor-1.4.1.Final.jar;D:\Workspaces\Maven\org\projectlombok\lombok\1.18.18\lombok-1.18.18.jar;D:\Workspaces\Maven\org\assertj\assertj-core\3.18.1\assertj-core-3.18.1.jar;D:\Workspaces\Maven\io\cucumber\cucumber-junit\3.0.2\cucumber-junit-3.0.2.jar;D:\Workspaces\Maven\io\cucumber\cucumber-core\3.0.2\cucumber-core-3.0.2.jar;D:\Workspaces\Maven\io\cucumber\cucumber-html\0.2.7\cucumber-html-0.2.7.jar;D:\Workspaces\Maven\io\cucumber\gherkin\5.0.0\gherkin-5.0.0.jar;D:\Workspaces\Maven\io\cucumber\tag-expressions\1.1.1\tag-expressions-1.1.1.jar;D:\Workspaces\Maven\io\cucumber\cucumber-expressions\5.0.19\cucumber-expressions-5.0.19.jar;D:\Workspaces\Maven\io\cucumber\datatable\1.0.3\datatable-1.0.3.jar;D:\Workspaces\Maven\io\cucumber\datatable-dependencies\1.0.3\datatable-dependencies-1.0.3.jar;D:\Workspaces\Maven\junit\junit\4.13.1\junit-4.13.1.jar;D:\Workspaces\Maven\org\hamcrest\hamcrest-core\2.2\hamcrest-core-2.2.jar;D:\Workspaces\Maven\io\cucumber\cucumber-spring\3.0.2\cucumber-spring-3.0.2.jar;D:\Workspaces\Maven\io\cucumber\cucumber-java\3.0.2\cucumber-java-3.0.2.jar;D:\Workspaces\Maven\io\gatling\highcharts\gatling-charts-highcharts\3.2.1\gatling-charts-highcharts-3.2.1.jar;D:\Workspaces\Maven\io\gatling\gatling-charts\3.2.1\gatling-charts-3.2.1.jar;D:\Workspaces\Maven\io\gatling\gatling-core\3.2.1\gatling-core-3.2.1.jar;D:\Workspaces\Maven\com\typesafe\akka\akka-slf4j_2.12\2.5.25\akka-slf4j_2.12-2.5.25.jar;D:\Workspaces\Maven\org\simpleflatmapper\lightning-csv\7.0.3\lightning-csv-7.0.3.jar;D:\Workspaces\Maven\org\simpleflatmapper\sfm-util\7.0.3\sfm-util-7.0.3.jar;D:\Workspaces\Maven\com\github\ben-manes\caffeine\caffeine\2.8.8\caffeine-2.8.8.jar;D:\Workspaces\Maven\org\checkerframework\checker-qual\3.8.0\checker-qual-3.8.0.jar;D:\Workspaces\Maven\com\google\errorprone\error_prone_annotations\2.4.0\error_prone_annotations-2.4.0.jar;D:\Workspaces\Maven\io\pebbletemplates\pebble\3.1.0\pebble-3.1.0.jar;D:\Workspaces\Maven\org\unbescape\unbescape\1.1.6.RELEASE\unbescape-1.1.6.RELEASE.jar;D:\Workspaces\Maven\org\scala-lang\modules\scala-parser-combinators_2.12\1.1.2\scala-parser-combinators_2.12-1.1.2.jar;D:\Workspaces\Maven\com\github\scopt\scopt_2.12\3.7.1\scopt_2.12-3.7.1.jar;D:\Workspaces\Maven\io\gatling\jsonpath_2.12\0.7.0\jsonpath_2.12-0.7.0.jar;D:\Workspaces\Maven\org\jodd\jodd-lagarto\5.0.13\jodd-lagarto-5.0.13.jar;D:\Workspaces\Maven\org\jodd\jodd-core\5.0.13\jodd-core-5.0.13.jar;D:\Workspaces\Maven\org\jodd\jodd-log\5.0.13\jodd-log-5.0.13.jar;D:\Workspaces\Maven\io\burt\jmespath-jackson\0.3.0\jmespath-jackson-0.3.0.jar;D:\Workspaces\Maven\io\burt\jmespath-core\0.3.0\jmespath-core-0.3.0.jar;D:\Workspaces\Maven\com\tdunning\t-digest\3.1\t-digest-3.1.jar;D:\Workspaces\Maven\io\gatling\gatling-app\3.2.1\gatling-app-3.2.1.jar;D:\Workspaces\Maven\io\gatling\gatling-http\3.2.1\gatling-http-3.2.1.jar;D:\Workspaces\Maven\org\scala-lang\modules\scala-xml_2.12\1.2.0\scala-xml_2.12-1.2.0.jar;D:\Workspaces\Maven\io\gatling\gatling-jms\3.2.1\gatling-jms-3.2.1.jar;D:\Workspaces\Maven\javax\jms\javax.jms-api\2.0.1\javax.jms-api-2.0.1.jar;D:\Workspaces\Maven\io\gatling\gatling-jdbc\3.2.1\gatling-jdbc-3.2.1.jar;D:\Workspaces\Maven\io\gatling\gatling-redis\3.2.1\gatling-redis-3.2.1.jar;D:\Workspaces\Maven\net\debasishg\redisclient_2.12\3.10\redisclient_2.12-3.10.jar;D:\Workspaces\Maven\org\apache\commons\commons-pool2\2.9.0\commons-pool2-2.9.0.jar;D:\Workspaces\Maven\io\gatling\gatling-graphite\3.2.1\gatling-graphite-3.2.1.jar;D:\Workspaces\Maven\org\hdrhistogram\HdrHistogram\2.1.11\HdrHistogram-2.1.11.jar;D:\Workspaces\Maven\io\gatling\gatling-recorder\3.2.1\gatling-recorder-3.2.1.jar;D:\Workspaces\Maven\org\scala-lang\modules\scala-swing_2.12\2.1.1\scala-swing_2.12-2.1.1.jar;D:\Workspaces\Maven\org\json4s\json4s-jackson_2.12\3.6.7\json4s-jackson_2.12-3.6.7.jar;D:\Workspaces\Maven\org\json4s\json4s-core_2.12\3.6.7\json4s-core_2.12-3.6.7.jar;D:\Workspaces\Maven\org\json4s\json4s-ast_2.12\3.6.7\json4s-ast_2.12-3.6.7.jar;D:\Workspaces\Maven\org\json4s\json4s-scalap_2.12\3.6.7\json4s-scalap_2.12-3.6.7.jar;D:\Workspaces\Maven\com\thoughtworks\paranamer\paranamer\2.8\paranamer-2.8.jar;D:\Workspaces\Maven\org\bouncycastle\bcpkix-jdk15on\1.68\bcpkix-jdk15on-1.68.jar;D:\Workspaces\Maven\org\bouncycastle\bcprov-jdk15on\1.68\bcprov-jdk15on-1.68.jar;D:\Workspaces\Maven\io\netty\netty-codec-http\4.1.70.Final\netty-codec-http-4.1.70.Final.jar;D:\Workspaces\Maven\io\netty\netty-common\4.1.70.Final\netty-common-4.1.70.Final.jar;D:\Workspaces\Maven\io\netty\netty-transport\4.1.70.Final\netty-transport-4.1.70.Final.jar;D:\Workspaces\Maven\io\netty\netty-codec\4.1.70.Final\netty-codec-4.1.70.Final.jar;D:\Workspaces\Maven\com\typesafe\akka\akka-actor_2.12\2.5.25\akka-actor_2.12-2.5.25.jar;D:\Workspaces\Maven\io\gatling\gatling-http-client\3.2.1\gatling-http-client-3.2.1.jar;D:\Workspaces\Maven\io\gatling\gatling-netty-util\3.2.1\gatling-netty-util-3.2.1.jar;D:\Workspaces\Maven\io\netty\netty-buffer\4.1.70.Final\netty-buffer-4.1.70.Final.jar;D:\Workspaces\Maven\io\netty\netty-handler\4.1.70.Final\netty-handler-4.1.70.Final.jar;D:\Workspaces\Maven\io\netty\netty-resolver\4.1.70.Final\netty-resolver-4.1.70.Final.jar;D:\Workspaces\Maven\io\netty\netty-handler-proxy\4.1.70.Final\netty-handler-proxy-4.1.70.Final.jar;D:\Workspaces\Maven\io\netty\netty-codec-socks\4.1.70.Final\netty-codec-socks-4.1.70.Final.jar;D:\Workspaces\Maven\io\netty\netty-resolver-dns\4.1.70.Final\netty-resolver-dns-4.1.70.Final.jar;D:\Workspaces\Maven\io\netty\netty-codec-dns\4.1.70.Final\netty-codec-dns-4.1.70.Final.jar;D:\Workspaces\Maven\io\netty\netty-transport-native-epoll\4.1.70.Final\netty-transport-native-epoll-4.1.70.Final-linux-x86_64.jar;D:\Workspaces\Maven\io\netty\netty-transport-native-unix-common\4.1.70.Final\netty-transport-native-unix-common-4.1.70.Final.jar;D:\Workspaces\Maven\io\netty\netty-transport-classes-epoll\4.1.70.Final\netty-transport-classes-epoll-4.1.70.Final.jar;D:\Workspaces\Maven\io\netty\netty-codec-http2\4.1.70.Final\netty-codec-http2-4.1.70.Final.jar;D:\Workspaces\Maven\io\netty\netty-tcnative-boringssl-static\2.0.46.Final\netty-tcnative-boringssl-static-2.0.46.Final.jar;D:\Workspaces\Maven\io\netty\netty-tcnative-classes\2.0.46.Final\netty-tcnative-classes-2.0.46.Final.jar;D:\Workspaces\Maven\com\sun\activation\javax.activation\1.2.0\javax.activation-1.2.0.jar;D:\Workspaces\Maven\com\typesafe\scala-logging\scala-logging_2.12\3.9.2\scala-logging_2.12-3.9.2.jar;D:\Workspaces\Maven\io\gatling\gatling-commons\3.2.1\gatling-commons-3.2.1.jar;D:\Workspaces\Maven\io\suzaku\boopickle_2.12\1.3.1\boopickle_2.12-1.3.1.jar;D:\Workspaces\Maven\org\typelevel\spire-macros_2.12\0.16.2\spire-macros_2.12-0.16.2.jar;D:\Workspaces\Maven\com\softwaremill\quicklens\quicklens_2.12\1.4.12\quicklens_2.12-1.4.12.jar;D:\Workspaces\Maven\com\eatthepath\fast-uuid\0.1\fast-uuid-0.1.jar;D:\Workspaces\Maven\com\h2database\h2\1.4.200\h2-1.4.200.jar;D:\Workspaces\Maven\org\openjdk\jmh\jmh-core\1.23\jmh-core-1.23.jar;D:\Workspaces\Maven\org\apache\commons\commons-math3\3.2\commons-math3-3.2.jar;D:\Workspaces\Maven\org\openjdk\jmh\jmh-generator-annprocess\1.23\jmh-generator-annprocess-1.23.jar;D:\Workspaces\Maven\org\springframework\kafka\spring-kafka-test\2.7.9\spring-kafka-test-2.7.9.jar;D:\Workspaces\Maven\org\springframework\spring-context\5.3.13\spring-context-5.3.13.jar;D:\Workspaces\Maven\org\springframework\spring-aop\5.3.13\spring-aop-5.3.13.jar;D:\Workspaces\Maven\org\springframework\spring-beans\5.3.13\spring-beans-5.3.13.jar;D:\Workspaces\Maven\org\springframework\spring-expression\5.3.13\spring-expression-5.3.13.jar;D:\Workspaces\Maven\org\springframework\spring-test\5.3.13\spring-test-5.3.13.jar;D:\Workspaces\Maven\org\springframework\retry\spring-retry\1.3.1\spring-retry-1.3.1.jar;D:\Workspaces\Maven\org\apache\kafka\kafka-clients\2.7.2\kafka-clients-2.7.2-test.jar;D:\Workspaces\Maven\com\github\luben\zstd-jni\1.4.5-6\zstd-jni-1.4.5-6.jar;D:\Workspaces\Maven\org\lz4\lz4-java\1.7.1\lz4-java-1.7.1.jar;D:\Workspaces\Maven\org\xerial\snappy\snappy-java\1.1.7.7\snappy-java-1.1.7.7.jar;D:\Workspaces\Maven\org\apache\kafka\kafka-streams\2.7.2\kafka-streams-2.7.2.jar;D:\Workspaces\Maven\org\apache\kafka\kafka-clients\2.7.2\kafka-clients-2.7.2.jar;D:\Workspaces\Maven\org\apache\kafka\connect-json\2.7.2\connect-json-2.7.2.jar;D:\Workspaces\Maven\org\apache\kafka\connect-api\2.7.2\connect-api-2.7.2.jar;D:\Workspaces\Maven\org\rocksdb\rocksdbjni\5.18.4\rocksdbjni-5.18.4.jar;D:\Workspaces\Maven\org\apache\kafka\kafka-streams-test-utils\2.7.2\kafka-streams-test-utils-2.7.2.jar;D:\Workspaces\Maven\org\apache\kafka\kafka_2.13\2.7.2\kafka_2.13-2.7.2.jar;D:\Workspaces\Maven\org\apache\kafka\kafka-raft\2.7.2\kafka-raft-2.7.2.jar;D:\Workspaces\Maven\com\fasterxml\jackson\module\jackson-module-scala_2.13\2.11.4\jackson-module-scala_2.13-2.11.4.jar;D:\Workspaces\Maven\com\fasterxml\jackson\module\jackson-module-paranamer\2.11.4\jackson-module-paranamer-2.11.4.jar;D:\Workspaces\Maven\com\fasterxml\jackson\dataformat\jackson-dataformat-csv\2.11.4\jackson-dataformat-csv-2.11.4.jar;D:\Workspaces\Maven\com\fasterxml\jackson\datatype\jackson-datatype-jdk8\2.11.4\jackson-datatype-jdk8-2.11.4.jar;D:\Workspaces\Maven\net\sf\jopt-simple\jopt-simple\5.0.4\jopt-simple-5.0.4.jar;D:\Workspaces\Maven\com\yammer\metrics\metrics-core\2.2.0\metrics-core-2.2.0.jar;D:\Workspaces\Maven\org\scala-lang\modules\scala-collection-compat_2.13\2.2.0\scala-collection-compat_2.13-2.2.0.jar;D:\Workspaces\Maven\org\scala-lang\modules\scala-java8-compat_2.13\0.9.1\scala-java8-compat_2.13-0.9.1.jar;D:\Workspaces\Maven\com\typesafe\scala-logging\scala-logging_2.13\3.9.2\scala-logging_2.13-3.9.2.jar;D:\Workspaces\Maven\org\apache\zookeeper\zookeeper\3.7.0\zookeeper-3.7.0.jar;D:\Workspaces\Maven\org\apache\zookeeper\zookeeper-jute\3.7.0\zookeeper-jute-3.7.0.jar;D:\Workspaces\Maven\org\apache\yetus\audience-annotations\0.12.0\audience-annotations-0.12.0.jar;D:\Workspaces\Maven\io\netty\netty-transport-native-epoll\4.1.70.Final\netty-transport-native-epoll-4.1.70.Final.jar;D:\Workspaces\Maven\commons-cli\commons-cli\1.4\commons-cli-1.4.jar;D:\Workspaces\Maven\org\apache\kafka\kafka_2.13\2.7.2\kafka_2.13-2.7.2-test.jar;D:\Workspaces\Maven\org\junit\jupiter\junit-jupiter-api\5.7.2\junit-jupiter-api-5.7.2.jar;D:\Workspaces\Maven\org\apiguardian\apiguardian-api\1.1.0\apiguardian-api-1.1.0.jar;D:\Workspaces\Maven\org\opentest4j\opentest4j\1.2.0\opentest4j-1.2.0.jar;D:\Workspaces\Maven\org\junit\platform\junit-platform-commons\1.7.2\junit-platform-commons-1.7.2.jar;D:\Workspaces\Maven\com\google\code\findbugs\jsr305\3.0.2\jsr305-3.0.2.jar;D:\Workspaces\Maven\de\flapdoodle\embed\de.flapdoodle.embed.mongo\2.2.0\de.flapdoodle.embed.mongo-2.2.0.jar;D:\Workspaces\Maven\de\flapdoodle\embed\de.flapdoodle.embed.process\2.1.2\de.flapdoodle.embed.process-2.1.2.jar;D:\Workspaces\Maven\net\java\dev\jna\jna\4.0.0\jna-4.0.0.jar;D:\Workspaces\Maven\net\java\dev\jna\jna-platform\4.0.0\jna-platform-4.0.0.jar;D:\Workspaces\Maven\org\apache\commons\commons-compress\1.18\commons-compress-1.18.jar;D:\Workspaces\Maven\org\mongodb\mongo-java-driver\3.12.10\mongo-java-driver-3.12.10.jar;D:\Workspaces\Maven\com\github\codemonstur\embedded-redis\0.11.0\embedded-redis-0.11.0.jar;D:\Workspaces\Maven\org\springframework\boot\spring-boot-starter-test\2.4.13\spring-boot-starter-test-2.4.13.jar;D:\Workspaces\Maven\org\springframework\boot\spring-boot-test-autoconfigure\2.4.13\spring-boot-test-autoconfigure-2.4.13.jar;D:\Workspaces\Maven\com\jayway\jsonpath\json-path\2.4.0\json-path-2.4.0.jar;D:\Workspaces\Maven\net\minidev\json-smart\2.3.1\json-smart-2.3.1.jar;D:\Workspaces\Maven\net\minidev\accessors-smart\2.3.1\accessors-smart-2.3.1.jar;D:\Workspaces\Maven\jakarta\xml\bind\jakarta.xml.bind-api\2.3.3\jakarta.xml.bind-api-2.3.3.jar;D:\Workspaces\Maven\jakarta\activation\jakarta.activation-api\1.2.2\jakarta.activation-api-1.2.2.jar;D:\Workspaces\Maven\org\hamcrest\hamcrest\2.2\hamcrest-2.2.jar;D:\Workspaces\Maven\org\junit\jupiter\junit-jupiter\5.7.2\junit-jupiter-5.7.2.jar;D:\Workspaces\Maven\org\junit\jupiter\junit-jupiter-params\5.7.2\junit-jupiter-params-5.7.2.jar;D:\Workspaces\Maven\org\junit\jupiter\junit-jupiter-engine\5.7.2\junit-jupiter-engine-5.7.2.jar;D:\Workspaces\Maven\org\mockito\mockito-core\3.6.28\mockito-core-3.6.28.jar;D:\Workspaces\Maven\net\bytebuddy\byte-buddy\1.10.22\byte-buddy-1.10.22.jar;D:\Workspaces\Maven\net\bytebuddy\byte-buddy-agent\1.10.22\byte-buddy-agent-1.10.22.jar;D:\Workspaces\Maven\org\objenesis\objenesis\3.1\objenesis-3.1.jar;D:\Workspaces\Maven\org\mockito\mockito-junit-jupiter\3.6.28\mockito-junit-jupiter-3.6.28.jar;D:\Workspaces\Maven\org\skyscreamer\jsonassert\1.5.0\jsonassert-1.5.0.jar;D:\Workspaces\Maven\com\vaadin\external\google\android-json\0.0.20131108.vaadin1\android-json-0.0.20131108.vaadin1.jar;D:\Workspaces\Maven\org\springframework\spring-core\5.3.13\spring-core-5.3.13.jar;D:\Workspaces\Maven\org\springframework\spring-jcl\5.3.13\spring-jcl-5.3.13.jar;D:\Workspaces\Maven\org\xmlunit\xmlunit-core\2.7.0\xmlunit-core-2.7.0.jar;D:\Workspaces\Maven\org\springframework\boot\spring-boot-test\2.4.13\spring-boot-test-2.4.13.jar;D:\Workspaces\Maven\org\spockframework\spock-core\2.1-groovy-3.0\spock-core-2.1-groovy-3.0.jar;D:\Workspaces\Maven\org\junit\platform\junit-platform-engine\1.7.2\junit-platform-engine-1.7.2.jar;D:\Workspaces\Maven\org\spockframework\spock-spring\2.1-groovy-3.0\spock-spring-2.1-groovy-3.0.jar;D:\Workspaces\Maven\org\codehaus\groovy\groovy\3.0.9\groovy-3.0.9.jar;D:\Workspaces\Maven\org\codehaus\groovy\groovy-sql\3.0.9\groovy-sql-3.0.9.jar;"/>
    <property name="java.vm.vendor" value="Oracle Corporation"/>
    <property name="sun.arch.data.model" value="64"/>
    <property name="user.variant" value=""/>
    <property name="java.vendor.url" value="http://java.oracle.com/"/>
    <property name="user.timezone" value="Asia/Shanghai"/>
    <property name="java.vm.specification.version" value="1.8"/>
    <property name="os.name" value="Windows 10"/>
    <property name="user.country" value="CN"/>
    <property name="sun.java.launcher" value="SUN_STANDARD"/>
    <property name="sun.boot.library.path" value="D:\Softwares\Java\jdk1.8.0_291\jre\bin"/>
    <property name="sun.java.command" value="C:\Users\sion1\AppData\Local\Temp\surefire2601776541925120729\surefirebooter-20220621185437068_8.jar C:\Users\sion1\AppData\Local\Temp\surefire2601776541925120729 2022-06-21T18-53-49_817-jvmRun1 surefire-20220621185437068_6tmp surefire_1-20220621185437068_7tmp"/>
    <property name="surefire.test.class.path" value="D:\Workspaces\Git\eden-architect\eden-components\eden-spring-test\target\test-classes;D:\Workspaces\Git\eden-architect\eden-components\eden-spring-test\target\classes;D:\Workspaces\Git\eden-architect\eden-components\eden-commons\target\classes;D:\Workspaces\Maven\org\hibernate\validator\hibernate-validator\6.1.5.Final\hibernate-validator-6.1.5.Final.jar;D:\Workspaces\Maven\jakarta\validation\jakarta.validation-api\2.0.2\jakarta.validation-api-2.0.2.jar;D:\Workspaces\Maven\org\jboss\logging\jboss-logging\3.4.2.Final\jboss-logging-3.4.2.Final.jar;D:\Workspaces\Maven\com\fasterxml\classmate\1.5.1\classmate-1.5.1.jar;D:\Workspaces\Maven\com\google\guava\guava\30.0-jre\guava-30.0-jre.jar;D:\Workspaces\Maven\com\google\guava\failureaccess\1.0.1\failureaccess-1.0.1.jar;D:\Workspaces\Maven\com\google\guava\listenablefuture\9999.0-empty-to-avoid-conflict-with-guava\listenablefuture-9999.0-empty-to-avoid-conflict-with-guava.jar;D:\Workspaces\Maven\com\google\j2objc\j2objc-annotations\1.3\j2objc-annotations-1.3.jar;D:\Workspaces\Maven\cn\hutool\hutool-all\5.7.14\hutool-all-5.7.14.jar;D:\Workspaces\Maven\org\apache\commons\commons-lang3\3.9\commons-lang3-3.9.jar;D:\Workspaces\Maven\org\apache\commons\commons-collections4\4.4\commons-collections4-4.4.jar;D:\Workspaces\Maven\org\apache\commons\commons-text\1.9\commons-text-1.9.jar;D:\Workspaces\Maven\commons-codec\commons-codec\1.10\commons-codec-1.10.jar;D:\Workspaces\Maven\commons-io\commons-io\2.7\commons-io-2.7.jar;D:\Workspaces\Maven\com\fasterxml\jackson\dataformat\jackson-dataformat-xml\2.11.4\jackson-dataformat-xml-2.11.4.jar;D:\Workspaces\Maven\com\fasterxml\jackson\core\jackson-core\2.11.4\jackson-core-2.11.4.jar;D:\Workspaces\Maven\com\fasterxml\jackson\core\jackson-annotations\2.11.4\jackson-annotations-2.11.4.jar;D:\Workspaces\Maven\com\fasterxml\jackson\core\jackson-databind\2.11.4\jackson-databind-2.11.4.jar;D:\Workspaces\Maven\com\fasterxml\jackson\module\jackson-module-jaxb-annotations\2.11.4\jackson-module-jaxb-annotations-2.11.4.jar;D:\Workspaces\Maven\org\codehaus\woodstox\stax2-api\4.2.1\stax2-api-4.2.1.jar;D:\Workspaces\Maven\com\fasterxml\woodstox\woodstox-core\6.2.3\woodstox-core-6.2.3.jar;D:\Workspaces\Git\eden-architect\eden-components\eden-spring-framework\target\classes;D:\Workspaces\Maven\org\springframework\boot\spring-boot\2.4.13\spring-boot-2.4.13.jar;D:\Workspaces\Maven\org\springframework\boot\spring-boot-starter\2.4.13\spring-boot-starter-2.4.13.jar;D:\Workspaces\Maven\jakarta\annotation\jakarta.annotation-api\1.3.5\jakarta.annotation-api-1.3.5.jar;D:\Workspaces\Maven\org\yaml\snakeyaml\1.27\snakeyaml-1.27.jar;D:\Workspaces\Maven\org\springframework\boot\spring-boot-autoconfigure\2.4.13\spring-boot-autoconfigure-2.4.13.jar;D:\Workspaces\Maven\org\aspectj\aspectjrt\1.9.7\aspectjrt-1.9.7.jar;D:\Workspaces\Maven\org\aspectj\aspectjweaver\1.9.7\aspectjweaver-1.9.7.jar;D:\Workspaces\Maven\cglib\cglib\3.3.0\cglib-3.3.0.jar;D:\Workspaces\Maven\org\ow2\asm\asm\7.3.1\asm-7.3.1.jar;D:\Workspaces\Maven\org\slf4j\slf4j-api\1.7.32\slf4j-api-1.7.32.jar;D:\Workspaces\Maven\org\springframework\boot\spring-boot-starter-log4j2\2.4.13\spring-boot-starter-log4j2-2.4.13.jar;D:\Workspaces\Maven\org\apache\logging\log4j\log4j-jul\2.17.2\log4j-jul-2.17.2.jar;D:\Workspaces\Maven\org\apache\logging\log4j\log4j-core\2.17.2\log4j-core-2.17.2.jar;D:\Workspaces\Maven\org\apache\logging\log4j\log4j-api\2.17.2\log4j-api-2.17.2.jar;D:\Workspaces\Maven\org\apache\logging\log4j\log4j-slf4j-impl\2.17.2\log4j-slf4j-impl-2.17.2.jar;D:\Workspaces\Maven\org\slf4j\jcl-over-slf4j\1.7.32\jcl-over-slf4j-1.7.32.jar;D:\Workspaces\Maven\org\slf4j\jul-to-slf4j\1.7.32\jul-to-slf4j-1.7.32.jar;D:\Workspaces\Maven\com\fasterxml\jackson\dataformat\jackson-dataformat-yaml\2.11.4\jackson-dataformat-yaml-2.11.4.jar;D:\Workspaces\Maven\org\apache\logging\log4j\log4j-spring-cloud-config-client\2.17.2\log4j-spring-cloud-config-client-2.17.2.jar;D:\Workspaces\Maven\org\apache\logging\log4j\log4j-spring-boot\2.17.2\log4j-spring-boot-2.17.2.jar;D:\Workspaces\Maven\org\springframework\spring-context-support\5.3.13\spring-context-support-5.3.13.jar;D:\Workspaces\Maven\org\springframework\cloud\spring-cloud-starter-bootstrap\3.0.1\spring-cloud-starter-bootstrap-3.0.1.jar;D:\Workspaces\Maven\org\springframework\cloud\spring-cloud-starter\3.0.1\spring-cloud-starter-3.0.1.jar;D:\Workspaces\Maven\org\springframework\security\spring-security-rsa\1.0.9.RELEASE\spring-security-rsa-1.0.9.RELEASE.jar;D:\Workspaces\Maven\org\springframework\cloud\spring-cloud-config-client\3.0.2\spring-cloud-config-client-3.0.2.jar;D:\Workspaces\Maven\org\springframework\cloud\spring-cloud-commons\3.0.1\spring-cloud-commons-3.0.1.jar;D:\Workspaces\Maven\org\springframework\security\spring-security-crypto\5.4.9\spring-security-crypto-5.4.9.jar;D:\Workspaces\Maven\org\springframework\cloud\spring-cloud-context\3.0.1\spring-cloud-context-3.0.1.jar;D:\Workspaces\Maven\org\springframework\spring-web\5.3.13\spring-web-5.3.13.jar;D:\Workspaces\Maven\commons-logging\commons-logging\1.2\commons-logging-1.2.jar;D:\Workspaces\Maven\io\springfox\springfox-swagger2\2.9.2\springfox-swagger2-2.9.2.jar;D:\Workspaces\Maven\io\swagger\swagger-annotations\1.5.24\swagger-annotations-1.5.24.jar;D:\Workspaces\Maven\io\swagger\swagger-models\1.5.20\swagger-models-1.5.20.jar;D:\Workspaces\Maven\io\springfox\springfox-spi\2.9.2\springfox-spi-2.9.2.jar;D:\Workspaces\Maven\io\springfox\springfox-core\2.9.2\springfox-core-2.9.2.jar;D:\Workspaces\Maven\io\springfox\springfox-schema\2.9.2\springfox-schema-2.9.2.jar;D:\Workspaces\Maven\io\springfox\springfox-swagger-common\2.9.2\springfox-swagger-common-2.9.2.jar;D:\Workspaces\Maven\io\springfox\springfox-spring-web\2.9.2\springfox-spring-web-2.9.2.jar;D:\Workspaces\Maven\org\springframework\plugin\spring-plugin-core\1.2.0.RELEASE\spring-plugin-core-1.2.0.RELEASE.jar;D:\Workspaces\Maven\org\springframework\plugin\spring-plugin-metadata\1.2.0.RELEASE\spring-plugin-metadata-1.2.0.RELEASE.jar;D:\Workspaces\Maven\org\apache\httpcomponents\httpclient\4.5.13\httpclient-4.5.13.jar;D:\Workspaces\Maven\org\apache\httpcomponents\httpcore\4.4.14\httpcore-4.4.14.jar;D:\Workspaces\Maven\org\jetbrains\annotations\23.0.0\annotations-23.0.0.jar;D:\Workspaces\Git\eden-architect\eden-components\eden-spring-integration\target\classes;D:\Workspaces\Maven\org\springframework\boot\spring-boot-starter-integration\2.4.13\spring-boot-starter-integration-2.4.13.jar;D:\Workspaces\Maven\org\springframework\boot\spring-boot-starter-aop\2.4.13\spring-boot-starter-aop-2.4.13.jar;D:\Workspaces\Maven\org\springframework\integration\spring-integration-core\5.4.12\spring-integration-core-5.4.12.jar;D:\Workspaces\Maven\org\springframework\spring-messaging\5.3.13\spring-messaging-5.3.13.jar;D:\Workspaces\Maven\org\springframework\spring-tx\5.3.13\spring-tx-5.3.13.jar;D:\Workspaces\Maven\io\projectreactor\reactor-core\3.4.12\reactor-core-3.4.12.jar;D:\Workspaces\Maven\org\reactivestreams\reactive-streams\1.0.3\reactive-streams-1.0.3.jar;D:\Workspaces\Maven\org\mapstruct\mapstruct\1.4.1.Final\mapstruct-1.4.1.Final.jar;D:\Workspaces\Maven\org\mapstruct\mapstruct-processor\1.4.1.Final\mapstruct-processor-1.4.1.Final.jar;D:\Workspaces\Maven\org\projectlombok\lombok\1.18.18\lombok-1.18.18.jar;D:\Workspaces\Maven\org\assertj\assertj-core\3.18.1\assertj-core-3.18.1.jar;D:\Workspaces\Maven\io\cucumber\cucumber-junit\3.0.2\cucumber-junit-3.0.2.jar;D:\Workspaces\Maven\io\cucumber\cucumber-core\3.0.2\cucumber-core-3.0.2.jar;D:\Workspaces\Maven\io\cucumber\cucumber-html\0.2.7\cucumber-html-0.2.7.jar;D:\Workspaces\Maven\io\cucumber\gherkin\5.0.0\gherkin-5.0.0.jar;D:\Workspaces\Maven\io\cucumber\tag-expressions\1.1.1\tag-expressions-1.1.1.jar;D:\Workspaces\Maven\io\cucumber\cucumber-expressions\5.0.19\cucumber-expressions-5.0.19.jar;D:\Workspaces\Maven\io\cucumber\datatable\1.0.3\datatable-1.0.3.jar;D:\Workspaces\Maven\io\cucumber\datatable-dependencies\1.0.3\datatable-dependencies-1.0.3.jar;D:\Workspaces\Maven\junit\junit\4.13.1\junit-4.13.1.jar;D:\Workspaces\Maven\org\hamcrest\hamcrest-core\2.2\hamcrest-core-2.2.jar;D:\Workspaces\Maven\io\cucumber\cucumber-spring\3.0.2\cucumber-spring-3.0.2.jar;D:\Workspaces\Maven\io\cucumber\cucumber-java\3.0.2\cucumber-java-3.0.2.jar;D:\Workspaces\Maven\io\gatling\highcharts\gatling-charts-highcharts\3.2.1\gatling-charts-highcharts-3.2.1.jar;D:\Workspaces\Maven\io\gatling\gatling-charts\3.2.1\gatling-charts-3.2.1.jar;D:\Workspaces\Maven\io\gatling\gatling-core\3.2.1\gatling-core-3.2.1.jar;D:\Workspaces\Maven\com\typesafe\akka\akka-slf4j_2.12\2.5.25\akka-slf4j_2.12-2.5.25.jar;D:\Workspaces\Maven\org\simpleflatmapper\lightning-csv\7.0.3\lightning-csv-7.0.3.jar;D:\Workspaces\Maven\org\simpleflatmapper\sfm-util\7.0.3\sfm-util-7.0.3.jar;D:\Workspaces\Maven\com\github\ben-manes\caffeine\caffeine\2.8.8\caffeine-2.8.8.jar;D:\Workspaces\Maven\org\checkerframework\checker-qual\3.8.0\checker-qual-3.8.0.jar;D:\Workspaces\Maven\com\google\errorprone\error_prone_annotations\2.4.0\error_prone_annotations-2.4.0.jar;D:\Workspaces\Maven\io\pebbletemplates\pebble\3.1.0\pebble-3.1.0.jar;D:\Workspaces\Maven\org\unbescape\unbescape\1.1.6.RELEASE\unbescape-1.1.6.RELEASE.jar;D:\Workspaces\Maven\org\scala-lang\modules\scala-parser-combinators_2.12\1.1.2\scala-parser-combinators_2.12-1.1.2.jar;D:\Workspaces\Maven\com\github\scopt\scopt_2.12\3.7.1\scopt_2.12-3.7.1.jar;D:\Workspaces\Maven\io\gatling\jsonpath_2.12\0.7.0\jsonpath_2.12-0.7.0.jar;D:\Workspaces\Maven\org\jodd\jodd-lagarto\5.0.13\jodd-lagarto-5.0.13.jar;D:\Workspaces\Maven\org\jodd\jodd-core\5.0.13\jodd-core-5.0.13.jar;D:\Workspaces\Maven\org\jodd\jodd-log\5.0.13\jodd-log-5.0.13.jar;D:\Workspaces\Maven\io\burt\jmespath-jackson\0.3.0\jmespath-jackson-0.3.0.jar;D:\Workspaces\Maven\io\burt\jmespath-core\0.3.0\jmespath-core-0.3.0.jar;D:\Workspaces\Maven\com\tdunning\t-digest\3.1\t-digest-3.1.jar;D:\Workspaces\Maven\io\gatling\gatling-app\3.2.1\gatling-app-3.2.1.jar;D:\Workspaces\Maven\io\gatling\gatling-http\3.2.1\gatling-http-3.2.1.jar;D:\Workspaces\Maven\org\scala-lang\modules\scala-xml_2.12\1.2.0\scala-xml_2.12-1.2.0.jar;D:\Workspaces\Maven\io\gatling\gatling-jms\3.2.1\gatling-jms-3.2.1.jar;D:\Workspaces\Maven\javax\jms\javax.jms-api\2.0.1\javax.jms-api-2.0.1.jar;D:\Workspaces\Maven\io\gatling\gatling-jdbc\3.2.1\gatling-jdbc-3.2.1.jar;D:\Workspaces\Maven\io\gatling\gatling-redis\3.2.1\gatling-redis-3.2.1.jar;D:\Workspaces\Maven\net\debasishg\redisclient_2.12\3.10\redisclient_2.12-3.10.jar;D:\Workspaces\Maven\org\apache\commons\commons-pool2\2.9.0\commons-pool2-2.9.0.jar;D:\Workspaces\Maven\io\gatling\gatling-graphite\3.2.1\gatling-graphite-3.2.1.jar;D:\Workspaces\Maven\org\hdrhistogram\HdrHistogram\2.1.11\HdrHistogram-2.1.11.jar;D:\Workspaces\Maven\io\gatling\gatling-recorder\3.2.1\gatling-recorder-3.2.1.jar;D:\Workspaces\Maven\org\scala-lang\modules\scala-swing_2.12\2.1.1\scala-swing_2.12-2.1.1.jar;D:\Workspaces\Maven\org\json4s\json4s-jackson_2.12\3.6.7\json4s-jackson_2.12-3.6.7.jar;D:\Workspaces\Maven\org\json4s\json4s-core_2.12\3.6.7\json4s-core_2.12-3.6.7.jar;D:\Workspaces\Maven\org\json4s\json4s-ast_2.12\3.6.7\json4s-ast_2.12-3.6.7.jar;D:\Workspaces\Maven\org\json4s\json4s-scalap_2.12\3.6.7\json4s-scalap_2.12-3.6.7.jar;D:\Workspaces\Maven\com\thoughtworks\paranamer\paranamer\2.8\paranamer-2.8.jar;D:\Workspaces\Maven\org\bouncycastle\bcpkix-jdk15on\1.68\bcpkix-jdk15on-1.68.jar;D:\Workspaces\Maven\org\bouncycastle\bcprov-jdk15on\1.68\bcprov-jdk15on-1.68.jar;D:\Workspaces\Maven\io\netty\netty-codec-http\4.1.70.Final\netty-codec-http-4.1.70.Final.jar;D:\Workspaces\Maven\io\netty\netty-common\4.1.70.Final\netty-common-4.1.70.Final.jar;D:\Workspaces\Maven\io\netty\netty-transport\4.1.70.Final\netty-transport-4.1.70.Final.jar;D:\Workspaces\Maven\io\netty\netty-codec\4.1.70.Final\netty-codec-4.1.70.Final.jar;D:\Workspaces\Maven\com\typesafe\akka\akka-actor_2.12\2.5.25\akka-actor_2.12-2.5.25.jar;D:\Workspaces\Maven\io\gatling\gatling-http-client\3.2.1\gatling-http-client-3.2.1.jar;D:\Workspaces\Maven\io\gatling\gatling-netty-util\3.2.1\gatling-netty-util-3.2.1.jar;D:\Workspaces\Maven\io\netty\netty-buffer\4.1.70.Final\netty-buffer-4.1.70.Final.jar;D:\Workspaces\Maven\io\netty\netty-handler\4.1.70.Final\netty-handler-4.1.70.Final.jar;D:\Workspaces\Maven\io\netty\netty-resolver\4.1.70.Final\netty-resolver-4.1.70.Final.jar;D:\Workspaces\Maven\io\netty\netty-handler-proxy\4.1.70.Final\netty-handler-proxy-4.1.70.Final.jar;D:\Workspaces\Maven\io\netty\netty-codec-socks\4.1.70.Final\netty-codec-socks-4.1.70.Final.jar;D:\Workspaces\Maven\io\netty\netty-resolver-dns\4.1.70.Final\netty-resolver-dns-4.1.70.Final.jar;D:\Workspaces\Maven\io\netty\netty-codec-dns\4.1.70.Final\netty-codec-dns-4.1.70.Final.jar;D:\Workspaces\Maven\io\netty\netty-transport-native-epoll\4.1.70.Final\netty-transport-native-epoll-4.1.70.Final-linux-x86_64.jar;D:\Workspaces\Maven\io\netty\netty-transport-native-unix-common\4.1.70.Final\netty-transport-native-unix-common-4.1.70.Final.jar;D:\Workspaces\Maven\io\netty\netty-transport-classes-epoll\4.1.70.Final\netty-transport-classes-epoll-4.1.70.Final.jar;D:\Workspaces\Maven\io\netty\netty-codec-http2\4.1.70.Final\netty-codec-http2-4.1.70.Final.jar;D:\Workspaces\Maven\io\netty\netty-tcnative-boringssl-static\2.0.46.Final\netty-tcnative-boringssl-static-2.0.46.Final.jar;D:\Workspaces\Maven\io\netty\netty-tcnative-classes\2.0.46.Final\netty-tcnative-classes-2.0.46.Final.jar;D:\Workspaces\Maven\com\sun\activation\javax.activation\1.2.0\javax.activation-1.2.0.jar;D:\Workspaces\Maven\com\typesafe\scala-logging\scala-logging_2.12\3.9.2\scala-logging_2.12-3.9.2.jar;D:\Workspaces\Maven\io\gatling\gatling-commons\3.2.1\gatling-commons-3.2.1.jar;D:\Workspaces\Maven\io\suzaku\boopickle_2.12\1.3.1\boopickle_2.12-1.3.1.jar;D:\Workspaces\Maven\org\typelevel\spire-macros_2.12\0.16.2\spire-macros_2.12-0.16.2.jar;D:\Workspaces\Maven\com\softwaremill\quicklens\quicklens_2.12\1.4.12\quicklens_2.12-1.4.12.jar;D:\Workspaces\Maven\com\eatthepath\fast-uuid\0.1\fast-uuid-0.1.jar;D:\Workspaces\Maven\com\h2database\h2\1.4.200\h2-1.4.200.jar;D:\Workspaces\Maven\org\openjdk\jmh\jmh-core\1.23\jmh-core-1.23.jar;D:\Workspaces\Maven\org\apache\commons\commons-math3\3.2\commons-math3-3.2.jar;D:\Workspaces\Maven\org\openjdk\jmh\jmh-generator-annprocess\1.23\jmh-generator-annprocess-1.23.jar;D:\Workspaces\Maven\org\springframework\kafka\spring-kafka-test\2.7.9\spring-kafka-test-2.7.9.jar;D:\Workspaces\Maven\org\springframework\spring-context\5.3.13\spring-context-5.3.13.jar;D:\Workspaces\Maven\org\springframework\spring-aop\5.3.13\spring-aop-5.3.13.jar;D:\Workspaces\Maven\org\springframework\spring-beans\5.3.13\spring-beans-5.3.13.jar;D:\Workspaces\Maven\org\springframework\spring-expression\5.3.13\spring-expression-5.3.13.jar;D:\Workspaces\Maven\org\springframework\spring-test\5.3.13\spring-test-5.3.13.jar;D:\Workspaces\Maven\org\springframework\retry\spring-retry\1.3.1\spring-retry-1.3.1.jar;D:\Workspaces\Maven\org\apache\kafka\kafka-clients\2.7.2\kafka-clients-2.7.2-test.jar;D:\Workspaces\Maven\com\github\luben\zstd-jni\1.4.5-6\zstd-jni-1.4.5-6.jar;D:\Workspaces\Maven\org\lz4\lz4-java\1.7.1\lz4-java-1.7.1.jar;D:\Workspaces\Maven\org\xerial\snappy\snappy-java\1.1.7.7\snappy-java-1.1.7.7.jar;D:\Workspaces\Maven\org\apache\kafka\kafka-streams\2.7.2\kafka-streams-2.7.2.jar;D:\Workspaces\Maven\org\apache\kafka\kafka-clients\2.7.2\kafka-clients-2.7.2.jar;D:\Workspaces\Maven\org\apache\kafka\connect-json\2.7.2\connect-json-2.7.2.jar;D:\Workspaces\Maven\org\apache\kafka\connect-api\2.7.2\connect-api-2.7.2.jar;D:\Workspaces\Maven\org\rocksdb\rocksdbjni\5.18.4\rocksdbjni-5.18.4.jar;D:\Workspaces\Maven\org\apache\kafka\kafka-streams-test-utils\2.7.2\kafka-streams-test-utils-2.7.2.jar;D:\Workspaces\Maven\org\apache\kafka\kafka_2.13\2.7.2\kafka_2.13-2.7.2.jar;D:\Workspaces\Maven\org\apache\kafka\kafka-raft\2.7.2\kafka-raft-2.7.2.jar;D:\Workspaces\Maven\com\fasterxml\jackson\module\jackson-module-scala_2.13\2.11.4\jackson-module-scala_2.13-2.11.4.jar;D:\Workspaces\Maven\com\fasterxml\jackson\module\jackson-module-paranamer\2.11.4\jackson-module-paranamer-2.11.4.jar;D:\Workspaces\Maven\com\fasterxml\jackson\dataformat\jackson-dataformat-csv\2.11.4\jackson-dataformat-csv-2.11.4.jar;D:\Workspaces\Maven\com\fasterxml\jackson\datatype\jackson-datatype-jdk8\2.11.4\jackson-datatype-jdk8-2.11.4.jar;D:\Workspaces\Maven\net\sf\jopt-simple\jopt-simple\5.0.4\jopt-simple-5.0.4.jar;D:\Workspaces\Maven\com\yammer\metrics\metrics-core\2.2.0\metrics-core-2.2.0.jar;D:\Workspaces\Maven\org\scala-lang\modules\scala-collection-compat_2.13\2.2.0\scala-collection-compat_2.13-2.2.0.jar;D:\Workspaces\Maven\org\scala-lang\modules\scala-java8-compat_2.13\0.9.1\scala-java8-compat_2.13-0.9.1.jar;D:\Workspaces\Maven\com\typesafe\scala-logging\scala-logging_2.13\3.9.2\scala-logging_2.13-3.9.2.jar;D:\Workspaces\Maven\org\apache\zookeeper\zookeeper\3.7.0\zookeeper-3.7.0.jar;D:\Workspaces\Maven\org\apache\zookeeper\zookeeper-jute\3.7.0\zookeeper-jute-3.7.0.jar;D:\Workspaces\Maven\org\apache\yetus\audience-annotations\0.12.0\audience-annotations-0.12.0.jar;D:\Workspaces\Maven\io\netty\netty-transport-native-epoll\4.1.70.Final\netty-transport-native-epoll-4.1.70.Final.jar;D:\Workspaces\Maven\commons-cli\commons-cli\1.4\commons-cli-1.4.jar;D:\Workspaces\Maven\org\apache\kafka\kafka_2.13\2.7.2\kafka_2.13-2.7.2-test.jar;D:\Workspaces\Maven\org\junit\jupiter\junit-jupiter-api\5.7.2\junit-jupiter-api-5.7.2.jar;D:\Workspaces\Maven\org\apiguardian\apiguardian-api\1.1.0\apiguardian-api-1.1.0.jar;D:\Workspaces\Maven\org\opentest4j\opentest4j\1.2.0\opentest4j-1.2.0.jar;D:\Workspaces\Maven\org\junit\platform\junit-platform-commons\1.7.2\junit-platform-commons-1.7.2.jar;D:\Workspaces\Maven\com\google\code\findbugs\jsr305\3.0.2\jsr305-3.0.2.jar;D:\Workspaces\Maven\de\flapdoodle\embed\de.flapdoodle.embed.mongo\2.2.0\de.flapdoodle.embed.mongo-2.2.0.jar;D:\Workspaces\Maven\de\flapdoodle\embed\de.flapdoodle.embed.process\2.1.2\de.flapdoodle.embed.process-2.1.2.jar;D:\Workspaces\Maven\net\java\dev\jna\jna\4.0.0\jna-4.0.0.jar;D:\Workspaces\Maven\net\java\dev\jna\jna-platform\4.0.0\jna-platform-4.0.0.jar;D:\Workspaces\Maven\org\apache\commons\commons-compress\1.18\commons-compress-1.18.jar;D:\Workspaces\Maven\org\mongodb\mongo-java-driver\3.12.10\mongo-java-driver-3.12.10.jar;D:\Workspaces\Maven\com\github\codemonstur\embedded-redis\0.11.0\embedded-redis-0.11.0.jar;D:\Workspaces\Maven\org\springframework\boot\spring-boot-starter-test\2.4.13\spring-boot-starter-test-2.4.13.jar;D:\Workspaces\Maven\org\springframework\boot\spring-boot-test-autoconfigure\2.4.13\spring-boot-test-autoconfigure-2.4.13.jar;D:\Workspaces\Maven\com\jayway\jsonpath\json-path\2.4.0\json-path-2.4.0.jar;D:\Workspaces\Maven\net\minidev\json-smart\2.3.1\json-smart-2.3.1.jar;D:\Workspaces\Maven\net\minidev\accessors-smart\2.3.1\accessors-smart-2.3.1.jar;D:\Workspaces\Maven\jakarta\xml\bind\jakarta.xml.bind-api\2.3.3\jakarta.xml.bind-api-2.3.3.jar;D:\Workspaces\Maven\jakarta\activation\jakarta.activation-api\1.2.2\jakarta.activation-api-1.2.2.jar;D:\Workspaces\Maven\org\hamcrest\hamcrest\2.2\hamcrest-2.2.jar;D:\Workspaces\Maven\org\junit\jupiter\junit-jupiter\5.7.2\junit-jupiter-5.7.2.jar;D:\Workspaces\Maven\org\junit\jupiter\junit-jupiter-params\5.7.2\junit-jupiter-params-5.7.2.jar;D:\Workspaces\Maven\org\junit\jupiter\junit-jupiter-engine\5.7.2\junit-jupiter-engine-5.7.2.jar;D:\Workspaces\Maven\org\mockito\mockito-core\3.6.28\mockito-core-3.6.28.jar;D:\Workspaces\Maven\net\bytebuddy\byte-buddy\1.10.22\byte-buddy-1.10.22.jar;D:\Workspaces\Maven\net\bytebuddy\byte-buddy-agent\1.10.22\byte-buddy-agent-1.10.22.jar;D:\Workspaces\Maven\org\objenesis\objenesis\3.1\objenesis-3.1.jar;D:\Workspaces\Maven\org\mockito\mockito-junit-jupiter\3.6.28\mockito-junit-jupiter-3.6.28.jar;D:\Workspaces\Maven\org\skyscreamer\jsonassert\1.5.0\jsonassert-1.5.0.jar;D:\Workspaces\Maven\com\vaadin\external\google\android-json\0.0.20131108.vaadin1\android-json-0.0.20131108.vaadin1.jar;D:\Workspaces\Maven\org\springframework\spring-core\5.3.13\spring-core-5.3.13.jar;D:\Workspaces\Maven\org\springframework\spring-jcl\5.3.13\spring-jcl-5.3.13.jar;D:\Workspaces\Maven\org\xmlunit\xmlunit-core\2.7.0\xmlunit-core-2.7.0.jar;D:\Workspaces\Maven\org\springframework\boot\spring-boot-test\2.4.13\spring-boot-test-2.4.13.jar;D:\Workspaces\Maven\org\spockframework\spock-core\2.1-groovy-3.0\spock-core-2.1-groovy-3.0.jar;D:\Workspaces\Maven\org\junit\platform\junit-platform-engine\1.7.2\junit-platform-engine-1.7.2.jar;D:\Workspaces\Maven\org\spockframework\spock-spring\2.1-groovy-3.0\spock-spring-2.1-groovy-3.0.jar;D:\Workspaces\Maven\org\codehaus\groovy\groovy\3.0.9\groovy-3.0.9.jar;D:\Workspaces\Maven\org\codehaus\groovy\groovy-sql\3.0.9\groovy-sql-3.0.9.jar;"/>
    <property name="sun.cpu.endian" value="little"/>
    <property name="user.home" value="C:\Users\sion1"/>
    <property name="user.language" value="zh"/>
    <property name="java.specification.vendor" value="Oracle Corporation"/>
    <property name="java.home" value="D:\Softwares\Java\jdk1.8.0_291\jre"/>
    <property name="basedir" value="D:\Workspaces\Git\eden-architect\eden-components\eden-spring-test"/>
    <property name="file.separator" value="\"/>
    <property name="line.separator" value="&#10;"/>
    <property name="java.vm.specification.vendor" value="Oracle Corporation"/>
    <property name="java.specification.name" value="Java Platform API Specification"/>
    <property name="java.awt.graphicsenv" value="sun.awt.Win32GraphicsEnvironment"/>
    <property name="surefire.real.class.path" value="C:\Users\sion1\AppData\Local\Temp\surefire2601776541925120729\surefirebooter-20220621185437068_8.jar;D:\\Workspaces\\Maven\\org\\jacoco\\org.jacoco.agent\\0.8.7\\org.jacoco.agent-0.8.7-runtime.jar"/>
    <property name="sun.boot.class.path" value="D:\Softwares\Java\jdk1.8.0_291\jre\lib\resources.jar;D:\Softwares\Java\jdk1.8.0_291\jre\lib\rt.jar;D:\Softwares\Java\jdk1.8.0_291\jre\lib\sunrsasign.jar;D:\Softwares\Java\jdk1.8.0_291\jre\lib\jsse.jar;D:\Softwares\Java\jdk1.8.0_291\jre\lib\jce.jar;D:\Softwares\Java\jdk1.8.0_291\jre\lib\charsets.jar;D:\Softwares\Java\jdk1.8.0_291\jre\lib\jfr.jar;D:\Softwares\Java\jdk1.8.0_291\jre\classes"/>
    <property name="user.script" value=""/>
    <property name="sun.management.compiler" value="HotSpot 64-Bit Tiered Compilers"/>
    <property name="java.runtime.version" value="1.8.0_291-b10"/>
    <property name="user.name" value="sion1"/>
    <property name="path.separator" value=";"/>
    <property name="os.version" value="10.0"/>
    <property name="java.endorsed.dirs" value="D:\Softwares\Java\jdk1.8.0_291\jre\lib\endorsed"/>
    <property name="java.runtime.name" value="Java(TM) SE Runtime Environment"/>
    <property name="file.encoding" value="GBK"/>
    <property name="java.vm.name" value="Java HotSpot(TM) 64-Bit Server VM"/>
    <property name="localRepository" value="D:\Workspaces\Maven"/>
    <property name="java.vendor.url.bug" value="http://bugreport.sun.com/bugreport/"/>
    <property name="java.io.tmpdir" value="C:\Users\sion1\AppData\Local\Temp\"/>
    <property name="idea.version" value="2022.1.1"/>
    <property name="java.version" value="1.8.0_291"/>
    <property name="user.dir" value="D:\Workspaces\Git\eden-architect\eden-components\eden-spring-test"/>
    <property name="os.arch" value="amd64"/>
    <property name="java.vm.specification.name" value="Java Virtual Machine Specification"/>
    <property name="java.awt.printerjob" value="sun.awt.windows.WPrinterJob"/>
    <property name="sun.os.patch.level" value=""/>
    <property name="java.library.path" value="D:\Softwares\Java\jdk1.8.0_291\jre\bin;C:\Windows\Sun\Java\bin;C:\Windows\system32;C:\Windows;D:\Softwares\Python\3.x\Scripts\;D:\Softwares\Python\3.x\;C:\Windows\system32;C:\Windows;C:\Windows\System32\Wbem;C:\Windows\System32\WindowsPowerShell\v1.0\;C:\Windows\System32\OpenSSH\;D:\Softwares\Java\jdk1.8.0_291\bin;D:\Softwares\Gradle\gradle-4.7\bin;D:\Softwares\Yarn\bin\;D:\Softwares\Nodejs\;D:\Softwares\TortoiseSVN\bin;D:\Softwares\Git\cmd;D:\Softwares\Python\2.x\Scripts;D:\Softwares\Python\2.x\;D:\Softwares\Zookeeper\zookeeper-3.3.6\bin;D:\Softwares\Nginx;C:\Program Files (x86)\Common Files\Oracle\Java\javapath;D:\Softwares\JMeter\apache-jmeter-5.4.1\bin;D:\Softwares\MySQL\8.0.28\bin;D:\Softwares\TortoiseGit\bin;D:\Softwares\JRuby\bin;C:\Users\sion1\AppData\Local\Microsoft\WindowsApps;C:\Users\sion1\AppData\Local\Yarn\bin;C:\Users\sion1\AppData\Roaming\npm;D:\Softwares\VisualStudioCode\bin;D:\Softwares\Maven\apache-maven-3.6.3\bin;."/>
    <property name="java.vm.info" value="mixed mode"/>
    <property name="java.vendor" value="Oracle Corporation"/>
    <property name="java.vm.version" value="25.291-b10"/>
    <property name="java.ext.dirs" value="D:\Softwares\Java\jdk1.8.0_291\jre\lib\ext;C:\Windows\Sun\Java\lib\ext"/>
    <property name="sun.io.unicode.encoding" value="UnicodeLittle"/>
    <property name="maven.repo.local" value="D:\Workspaces\Maven"/>
    <property name="java.class.version" value="52.0"/>
  </properties>
  <testcase name="test before" classname="org.ylzl.eden.spring.test.redis.EmbeddedRedisTest" time="0.481"/>
  <testcase name="test is Open" classname="org.ylzl.eden.spring.test.redis.EmbeddedRedisTest" time="0.002"/>
  <testcase name="test after" classname="org.ylzl.eden.spring.test.redis.EmbeddedRedisTest" time="0.011"/>
</testsuite>